#
# There is insufficient memory for the Java Runtime Environment to continue.
# Native memory allocation (malloc) failed to allocate 32784 bytes for Chunk::new
# Possible reasons:
#   The system is out of physical RAM or swap space
#   The process is running with CompressedOops enabled, and the Java Heap may be blocking the growth of the native heap
# Possible solutions:
#   Reduce memory load on the system
#   Increase physical memory or swap space
#   Check if swap backing store is full
#   Decrease Java heap size (-Xmx/-Xms)
#   Decrease number of Java threads
#   Decrease Java thread stack sizes (-Xss)
#   Set larger code cache with -XX:ReservedCodeCacheSize=
#   JVM is running with Unscaled Compressed Oops mode in which the Java heap is
#     placed in the first 4GB address space. The Java Heap base address is the
#     maximum limit for the native heap growth. Please use -XX:HeapBaseMinAddress
#     to set the Java Heap base and to place the Java Heap above 4GB virtual address.
# This output file may be truncated or incomplete.
#
#  Out of Memory Error (arena.cpp:184), pid=3984, tid=17652
#
# JRE version: Java(TM) SE Runtime Environment (19.0.1+10) (build 19.0.1+10-21)
# Java VM: Java HotSpot(TM) 64-Bit Server VM (19.0.1+10-21, mixed mode, tiered, compressed oops, compressed class ptrs, g1 gc, windows-amd64)
# No core dump will be written. Minidumps are not enabled by default on client versions of Windows
#

---------------  S U M M A R Y ------------

Command Line: -Dmaven.home=EMBEDDED -Dclassworlds.conf=C:\Users\Darshan Avanthkar\eclipse-workspace\.metadata\.plugins\org.eclipse.m2e.launching\launches\m2conf11677900899488634383.tmp -Dmaven.multiModuleProjectDirectory=C:\Users\Darshan Avanthkar\eclipse-workspace\NewMavenP -Dfile.encoding=UTF-8 -XX:+ShowCodeDetailsInExceptionMessages org.codehaus.plexus.classworlds.launcher.Launcher -B -Dstyle.color=always test

Host: Intel(R) Core(TM) i5-10300H CPU @ 2.50GHz, 8 cores, 7G,  Windows 10 , 64 bit Build 19041 (10.0.19041.3031)
Time: Sat Aug 26 12:41:24 2023 India Standard Time elapsed time: 0.269275 seconds (0d 0h 0m 0s)

---------------  T H R E A D  ---------------

Current thread (0x0000022c063988b0):  JavaThread "C2 CompilerThread1" daemon [_thread_in_native, id=17652, stack(0x000000f1f3900000,0x000000f1f3a00000)]


Current CompileTask:
C2:    269  162       4       java.net.URL::equals (27 bytes)

Stack: [0x000000f1f3900000,0x000000f1f3a00000]
Native frames: (J=compiled Java code, j=interpreted, Vv=VM code, C=native code)
V  [jvm.dll+0x6ee8fa]
V  [jvm.dll+0x857a1e]
V  [jvm.dll+0x85940e]
V  [jvm.dll+0x859ac3]
V  [jvm.dll+0x28291f]
V  [jvm.dll+0xc9b5f]
V  [jvm.dll+0xc9ee5]
V  [jvm.dll+0xc9c84]
V  [jvm.dll+0x6ccd6c]
V  [jvm.dll+0x67aa86]
V  [jvm.dll+0x6801e7]
V  [jvm.dll+0x68113c]
V  [jvm.dll+0x67f594]
V  [jvm.dll+0x24c14e]
V  [jvm.dll+0x24b671]
V  [jvm.dll+0x1d6d61]
V  [jvm.dll+0x25b0fa]
V  [jvm.dll+0x259588]
V  [jvm.dll+0x807928]
V  [jvm.dll+0x8015fa]
V  [jvm.dll+0x6ed5eb]
C  [ucrtbase.dll+0x21bb2]
C  [KERNEL32.DLL+0x17614]
C  [ntdll.dll+0x526f1]


---------------  P R O C E S S  ---------------

Threads class SMR info:
_java_thread_list=0x0000022c06177af0, length=13, elements={
0x0000022c60b4c1a0, 0x0000022c06151550, 0x0000022c06152480, 0x0000022c06165df0,
0x0000022c06166920, 0x0000022c061567c0, 0x0000022c0615a200, 0x0000022c0615aa70,
0x0000022c0615aff0, 0x0000022c0617e540, 0x0000022c062eef10, 0x0000022c062eff00,
0x0000022c063988b0
}

Java Threads: ( => current thread )
  0x0000022c60b4c1a0 JavaThread "main" [_thread_in_vm, id=13448, stack(0x000000f1f2600000,0x000000f1f2700000)]
  0x0000022c06151550 JavaThread "Reference Handler" daemon [_thread_blocked, id=12172, stack(0x000000f1f2d00000,0x000000f1f2e00000)]
  0x0000022c06152480 JavaThread "Finalizer" daemon [_thread_blocked, id=13732, stack(0x000000f1f2e00000,0x000000f1f2f00000)]
  0x0000022c06165df0 JavaThread "Signal Dispatcher" daemon [_thread_blocked, id=13224, stack(0x000000f1f2f00000,0x000000f1f3000000)]
  0x0000022c06166920 JavaThread "Attach Listener" daemon [_thread_blocked, id=15008, stack(0x000000f1f3000000,0x000000f1f3100000)]
  0x0000022c061567c0 JavaThread "Service Thread" daemon [_thread_blocked, id=6652, stack(0x000000f1f3100000,0x000000f1f3200000)]
  0x0000022c0615a200 JavaThread "Monitor Deflation Thread" daemon [_thread_blocked, id=8188, stack(0x000000f1f3200000,0x000000f1f3300000)]
  0x0000022c0615aa70 JavaThread "C2 CompilerThread0" daemon [_thread_in_native, id=1648, stack(0x000000f1f3300000,0x000000f1f3400000)]
  0x0000022c0615aff0 JavaThread "C1 CompilerThread0" daemon [_thread_blocked, id=5920, stack(0x000000f1f3400000,0x000000f1f3500000)]
  0x0000022c0617e540 JavaThread "Sweeper thread" daemon [_thread_blocked, id=9952, stack(0x000000f1f3500000,0x000000f1f3600000)]
  0x0000022c062eef10 JavaThread "Notification Thread" daemon [_thread_blocked, id=15132, stack(0x000000f1f3600000,0x000000f1f3700000)]
  0x0000022c062eff00 JavaThread "Common-Cleaner" daemon [_thread_blocked, id=16980, stack(0x000000f1f3800000,0x000000f1f3900000)]
=>0x0000022c063988b0 JavaThread "C2 CompilerThread1" daemon [_thread_in_native, id=17652, stack(0x000000f1f3900000,0x000000f1f3a00000)]

Other Threads:
  0x0000022c7f30e040 VMThread "VM Thread" [stack: 0x000000f1f2c00000,0x000000f1f2d00000] [id=16436]
  0x0000022c06300180 WatcherThread "VM Periodic Task Thread" [stack: 0x000000f1f3700000,0x000000f1f3800000] [id=2104]
  0x0000022c60bad570 WorkerThread "GC Thread#0" [stack: 0x000000f1f2700000,0x000000f1f2800000] [id=18064]
  0x0000022c60bbfa20 ConcurrentGCThread "G1 Main Marker" [stack: 0x000000f1f2800000,0x000000f1f2900000] [id=4312]
  0x0000022c60bc1460 WorkerThread "G1 Conc#0" [stack: 0x000000f1f2900000,0x000000f1f2a00000] [id=7848]
  0x0000022c60c1eaf0 ConcurrentGCThread "G1 Refine#0" [stack: 0x000000f1f2a00000,0x000000f1f2b00000] [id=16584]
  0x0000022c7f168830 ConcurrentGCThread "G1 Service" [stack: 0x000000f1f2b00000,0x000000f1f2c00000] [id=3892]

Threads with active compile tasks:
C2 CompilerThread0      302  164       4       java.net.URLStreamHandler::sameFile (136 bytes)
C2 CompilerThread1      302  162       4       java.net.URL::equals (27 bytes)

VM state: not at safepoint (normal execution)

VM Mutex/Monitor currently owned by a thread:  ([mutex/lock_event])
[0x0000022c60b468f0] Metaspace_lock - owner thread: 0x0000022c60b4c1a0

Heap address: 0x0000000082000000, size: 2016 MB, Compressed Oops mode: 32-bit

CDS archive(s) not mapped
Compressed class space mapped at: 0x0000000100000000-0x0000000140000000, reserved size: 1073741824
Narrow klass base: 0x0000000000000000, Narrow klass shift: 3, Narrow klass range: 0x140000000

GC Precious Log:
 CardTable entry size: 512
 Card Set container configuration: InlinePtr #cards 5 size 8 Array Of Cards #cards 12 size 40 Howl #buckets 4 coarsen threshold 1843 Howl Bitmap #cards 512 size 80 coarsen threshold 460 Card regions per heap region 1 cards per card region 2048
 CPUs: 8 total, 8 available
 Memory: 8059M
 Large Page Support: Disabled
 NUMA Support: Disabled
 Compressed Oops: Enabled (32-bit)
 Heap Region Size: 1M
 Heap Min Capacity: 8M
 Heap Initial Capacity: 126M
 Heap Max Capacity: 2016M
 Pre-touch: Disabled
 Parallel Workers: 8
 Concurrent Workers: 2
 Concurrent Refinement Workers: 8
 Periodic GC: Disabled

Heap:
 garbage-first heap   total 129024K, used 3072K [0x0000000082000000, 0x0000000100000000)
  region size 1024K, 4 young (4096K), 0 survivors (0K)
 Metaspace       used 5504K, committed 5632K, reserved 1114112K
  class space    used 443K, committed 512K, reserved 1048576K

Heap Regions: E=young(eden), S=young(survivor), O=old, HS=humongous(starts), HC=humongous(continues), CS=collection set, F=free, OA=open archive, CA=closed archive, TAMS=top-at-mark-start (previous, next)
|   0|0x0000000082000000, 0x0000000082000000, 0x0000000082100000|  0%| F|  |TAMS 0x0000000082000000, 0x0000000082000000| Untracked 
|   1|0x0000000082100000, 0x0000000082100000, 0x0000000082200000|  0%| F|  |TAMS 0x0000000082100000, 0x0000000082100000| Untracked 
|   2|0x0000000082200000, 0x0000000082200000, 0x0000000082300000|  0%| F|  |TAMS 0x0000000082200000, 0x0000000082200000| Untracked 
|   3|0x0000000082300000, 0x0000000082300000, 0x0000000082400000|  0%| F|  |TAMS 0x0000000082300000, 0x0000000082300000| Untracked 
|   4|0x0000000082400000, 0x0000000082400000, 0x0000000082500000|  0%| F|  |TAMS 0x0000000082400000, 0x0000000082400000| Untracked 
|   5|0x0000000082500000, 0x0000000082500000, 0x0000000082600000|  0%| F|  |TAMS 0x0000000082500000, 0x0000000082500000| Untracked 
|   6|0x0000000082600000, 0x0000000082600000, 0x0000000082700000|  0%| F|  |TAMS 0x0000000082600000, 0x0000000082600000| Untracked 
|   7|0x0000000082700000, 0x0000000082700000, 0x0000000082800000|  0%| F|  |TAMS 0x0000000082700000, 0x0000000082700000| Untracked 
|   8|0x0000000082800000, 0x0000000082800000, 0x0000000082900000|  0%| F|  |TAMS 0x0000000082800000, 0x0000000082800000| Untracked 
|   9|0x0000000082900000, 0x0000000082900000, 0x0000000082a00000|  0%| F|  |TAMS 0x0000000082900000, 0x0000000082900000| Untracked 
|  10|0x0000000082a00000, 0x0000000082a00000, 0x0000000082b00000|  0%| F|  |TAMS 0x0000000082a00000, 0x0000000082a00000| Untracked 
|  11|0x0000000082b00000, 0x0000000082b00000, 0x0000000082c00000|  0%| F|  |TAMS 0x0000000082b00000, 0x0000000082b00000| Untracked 
|  12|0x0000000082c00000, 0x0000000082c00000, 0x0000000082d00000|  0%| F|  |TAMS 0x0000000082c00000, 0x0000000082c00000| Untracked 
|  13|0x0000000082d00000, 0x0000000082d00000, 0x0000000082e00000|  0%| F|  |TAMS 0x0000000082d00000, 0x0000000082d00000| Untracked 
|  14|0x0000000082e00000, 0x0000000082e00000, 0x0000000082f00000|  0%| F|  |TAMS 0x0000000082e00000, 0x0000000082e00000| Untracked 
|  15|0x0000000082f00000, 0x0000000082f00000, 0x0000000083000000|  0%| F|  |TAMS 0x0000000082f00000, 0x0000000082f00000| Untracked 
|  16|0x0000000083000000, 0x0000000083000000, 0x0000000083100000|  0%| F|  |TAMS 0x0000000083000000, 0x0000000083000000| Untracked 
|  17|0x0000000083100000, 0x0000000083100000, 0x0000000083200000|  0%| F|  |TAMS 0x0000000083100000, 0x0000000083100000| Untracked 
|  18|0x0000000083200000, 0x0000000083200000, 0x0000000083300000|  0%| F|  |TAMS 0x0000000083200000, 0x0000000083200000| Untracked 
|  19|0x0000000083300000, 0x0000000083300000, 0x0000000083400000|  0%| F|  |TAMS 0x0000000083300000, 0x0000000083300000| Untracked 
|  20|0x0000000083400000, 0x0000000083400000, 0x0000000083500000|  0%| F|  |TAMS 0x0000000083400000, 0x0000000083400000| Untracked 
|  21|0x0000000083500000, 0x0000000083500000, 0x0000000083600000|  0%| F|  |TAMS 0x0000000083500000, 0x0000000083500000| Untracked 
|  22|0x0000000083600000, 0x0000000083600000, 0x0000000083700000|  0%| F|  |TAMS 0x0000000083600000, 0x0000000083600000| Untracked 
|  23|0x0000000083700000, 0x0000000083700000, 0x0000000083800000|  0%| F|  |TAMS 0x0000000083700000, 0x0000000083700000| Untracked 
|  24|0x0000000083800000, 0x0000000083800000, 0x0000000083900000|  0%| F|  |TAMS 0x0000000083800000, 0x0000000083800000| Untracked 
|  25|0x0000000083900000, 0x0000000083900000, 0x0000000083a00000|  0%| F|  |TAMS 0x0000000083900000, 0x0000000083900000| Untracked 
|  26|0x0000000083a00000, 0x0000000083a00000, 0x0000000083b00000|  0%| F|  |TAMS 0x0000000083a00000, 0x0000000083a00000| Untracked 
|  27|0x0000000083b00000, 0x0000000083b00000, 0x0000000083c00000|  0%| F|  |TAMS 0x0000000083b00000, 0x0000000083b00000| Untracked 
|  28|0x0000000083c00000, 0x0000000083c00000, 0x0000000083d00000|  0%| F|  |TAMS 0x0000000083c00000, 0x0000000083c00000| Untracked 
|  29|0x0000000083d00000, 0x0000000083d00000, 0x0000000083e00000|  0%| F|  |TAMS 0x0000000083d00000, 0x0000000083d00000| Untracked 
|  30|0x0000000083e00000, 0x0000000083e00000, 0x0000000083f00000|  0%| F|  |TAMS 0x0000000083e00000, 0x0000000083e00000| Untracked 
|  31|0x0000000083f00000, 0x0000000083f00000, 0x0000000084000000|  0%| F|  |TAMS 0x0000000083f00000, 0x0000000083f00000| Untracked 
|  32|0x0000000084000000, 0x0000000084000000, 0x0000000084100000|  0%| F|  |TAMS 0x0000000084000000, 0x0000000084000000| Untracked 
|  33|0x0000000084100000, 0x0000000084100000, 0x0000000084200000|  0%| F|  |TAMS 0x0000000084100000, 0x0000000084100000| Untracked 
|  34|0x0000000084200000, 0x0000000084200000, 0x0000000084300000|  0%| F|  |TAMS 0x0000000084200000, 0x0000000084200000| Untracked 
|  35|0x0000000084300000, 0x0000000084300000, 0x0000000084400000|  0%| F|  |TAMS 0x0000000084300000, 0x0000000084300000| Untracked 
|  36|0x0000000084400000, 0x0000000084400000, 0x0000000084500000|  0%| F|  |TAMS 0x0000000084400000, 0x0000000084400000| Untracked 
|  37|0x0000000084500000, 0x0000000084500000, 0x0000000084600000|  0%| F|  |TAMS 0x0000000084500000, 0x0000000084500000| Untracked 
|  38|0x0000000084600000, 0x0000000084600000, 0x0000000084700000|  0%| F|  |TAMS 0x0000000084600000, 0x0000000084600000| Untracked 
|  39|0x0000000084700000, 0x0000000084700000, 0x0000000084800000|  0%| F|  |TAMS 0x0000000084700000, 0x0000000084700000| Untracked 
|  40|0x0000000084800000, 0x0000000084800000, 0x0000000084900000|  0%| F|  |TAMS 0x0000000084800000, 0x0000000084800000| Untracked 
|  41|0x0000000084900000, 0x0000000084900000, 0x0000000084a00000|  0%| F|  |TAMS 0x0000000084900000, 0x0000000084900000| Untracked 
|  42|0x0000000084a00000, 0x0000000084a00000, 0x0000000084b00000|  0%| F|  |TAMS 0x0000000084a00000, 0x0000000084a00000| Untracked 
|  43|0x0000000084b00000, 0x0000000084b00000, 0x0000000084c00000|  0%| F|  |TAMS 0x0000000084b00000, 0x0000000084b00000| Untracked 
|  44|0x0000000084c00000, 0x0000000084c00000, 0x0000000084d00000|  0%| F|  |TAMS 0x0000000084c00000, 0x0000000084c00000| Untracked 
|  45|0x0000000084d00000, 0x0000000084d00000, 0x0000000084e00000|  0%| F|  |TAMS 0x0000000084d00000, 0x0000000084d00000| Untracked 
|  46|0x0000000084e00000, 0x0000000084e00000, 0x0000000084f00000|  0%| F|  |TAMS 0x0000000084e00000, 0x0000000084e00000| Untracked 
|  47|0x0000000084f00000, 0x0000000084f00000, 0x0000000085000000|  0%| F|  |TAMS 0x0000000084f00000, 0x0000000084f00000| Untracked 
|  48|0x0000000085000000, 0x0000000085000000, 0x0000000085100000|  0%| F|  |TAMS 0x0000000085000000, 0x0000000085000000| Untracked 
|  49|0x0000000085100000, 0x0000000085100000, 0x0000000085200000|  0%| F|  |TAMS 0x0000000085100000, 0x0000000085100000| Untracked 
|  50|0x0000000085200000, 0x0000000085200000, 0x0000000085300000|  0%| F|  |TAMS 0x0000000085200000, 0x0000000085200000| Untracked 
|  51|0x0000000085300000, 0x0000000085300000, 0x0000000085400000|  0%| F|  |TAMS 0x0000000085300000, 0x0000000085300000| Untracked 
|  52|0x0000000085400000, 0x0000000085400000, 0x0000000085500000|  0%| F|  |TAMS 0x0000000085400000, 0x0000000085400000| Untracked 
|  53|0x0000000085500000, 0x0000000085500000, 0x0000000085600000|  0%| F|  |TAMS 0x0000000085500000, 0x0000000085500000| Untracked 
|  54|0x0000000085600000, 0x0000000085600000, 0x0000000085700000|  0%| F|  |TAMS 0x0000000085600000, 0x0000000085600000| Untracked 
|  55|0x0000000085700000, 0x0000000085700000, 0x0000000085800000|  0%| F|  |TAMS 0x0000000085700000, 0x0000000085700000| Untracked 
|  56|0x0000000085800000, 0x0000000085800000, 0x0000000085900000|  0%| F|  |TAMS 0x0000000085800000, 0x0000000085800000| Untracked 
|  57|0x0000000085900000, 0x0000000085900000, 0x0000000085a00000|  0%| F|  |TAMS 0x0000000085900000, 0x0000000085900000| Untracked 
|  58|0x0000000085a00000, 0x0000000085a00000, 0x0000000085b00000|  0%| F|  |TAMS 0x0000000085a00000, 0x0000000085a00000| Untracked 
|  59|0x0000000085b00000, 0x0000000085b00000, 0x0000000085c00000|  0%| F|  |TAMS 0x0000000085b00000, 0x0000000085b00000| Untracked 
|  60|0x0000000085c00000, 0x0000000085c00000, 0x0000000085d00000|  0%| F|  |TAMS 0x0000000085c00000, 0x0000000085c00000| Untracked 
|  61|0x0000000085d00000, 0x0000000085d00000, 0x0000000085e00000|  0%| F|  |TAMS 0x0000000085d00000, 0x0000000085d00000| Untracked 
|  62|0x0000000085e00000, 0x0000000085e00000, 0x0000000085f00000|  0%| F|  |TAMS 0x0000000085e00000, 0x0000000085e00000| Untracked 
|  63|0x0000000085f00000, 0x0000000085f00000, 0x0000000086000000|  0%| F|  |TAMS 0x0000000085f00000, 0x0000000085f00000| Untracked 
|  64|0x0000000086000000, 0x0000000086000000, 0x0000000086100000|  0%| F|  |TAMS 0x0000000086000000, 0x0000000086000000| Untracked 
|  65|0x0000000086100000, 0x0000000086100000, 0x0000000086200000|  0%| F|  |TAMS 0x0000000086100000, 0x0000000086100000| Untracked 
|  66|0x0000000086200000, 0x0000000086200000, 0x0000000086300000|  0%| F|  |TAMS 0x0000000086200000, 0x0000000086200000| Untracked 
|  67|0x0000000086300000, 0x0000000086300000, 0x0000000086400000|  0%| F|  |TAMS 0x0000000086300000, 0x0000000086300000| Untracked 
|  68|0x0000000086400000, 0x0000000086400000, 0x0000000086500000|  0%| F|  |TAMS 0x0000000086400000, 0x0000000086400000| Untracked 
|  69|0x0000000086500000, 0x0000000086500000, 0x0000000086600000|  0%| F|  |TAMS 0x0000000086500000, 0x0000000086500000| Untracked 
|  70|0x0000000086600000, 0x0000000086600000, 0x0000000086700000|  0%| F|  |TAMS 0x0000000086600000, 0x0000000086600000| Untracked 
|  71|0x0000000086700000, 0x0000000086700000, 0x0000000086800000|  0%| F|  |TAMS 0x0000000086700000, 0x0000000086700000| Untracked 
|  72|0x0000000086800000, 0x0000000086800000, 0x0000000086900000|  0%| F|  |TAMS 0x0000000086800000, 0x0000000086800000| Untracked 
|  73|0x0000000086900000, 0x0000000086900000, 0x0000000086a00000|  0%| F|  |TAMS 0x0000000086900000, 0x0000000086900000| Untracked 
|  74|0x0000000086a00000, 0x0000000086a00000, 0x0000000086b00000|  0%| F|  |TAMS 0x0000000086a00000, 0x0000000086a00000| Untracked 
|  75|0x0000000086b00000, 0x0000000086b00000, 0x0000000086c00000|  0%| F|  |TAMS 0x0000000086b00000, 0x0000000086b00000| Untracked 
|  76|0x0000000086c00000, 0x0000000086c00000, 0x0000000086d00000|  0%| F|  |TAMS 0x0000000086c00000, 0x0000000086c00000| Untracked 
|  77|0x0000000086d00000, 0x0000000086d00000, 0x0000000086e00000|  0%| F|  |TAMS 0x0000000086d00000, 0x0000000086d00000| Untracked 
|  78|0x0000000086e00000, 0x0000000086e00000, 0x0000000086f00000|  0%| F|  |TAMS 0x0000000086e00000, 0x0000000086e00000| Untracked 
|  79|0x0000000086f00000, 0x0000000086f00000, 0x0000000087000000|  0%| F|  |TAMS 0x0000000086f00000, 0x0000000086f00000| Untracked 
|  80|0x0000000087000000, 0x0000000087000000, 0x0000000087100000|  0%| F|  |TAMS 0x0000000087000000, 0x0000000087000000| Untracked 
|  81|0x0000000087100000, 0x0000000087100000, 0x0000000087200000|  0%| F|  |TAMS 0x0000000087100000, 0x0000000087100000| Untracked 
|  82|0x0000000087200000, 0x0000000087200000, 0x0000000087300000|  0%| F|  |TAMS 0x0000000087200000, 0x0000000087200000| Untracked 
|  83|0x0000000087300000, 0x0000000087300000, 0x0000000087400000|  0%| F|  |TAMS 0x0000000087300000, 0x0000000087300000| Untracked 
|  84|0x0000000087400000, 0x0000000087400000, 0x0000000087500000|  0%| F|  |TAMS 0x0000000087400000, 0x0000000087400000| Untracked 
|  85|0x0000000087500000, 0x0000000087500000, 0x0000000087600000|  0%| F|  |TAMS 0x0000000087500000, 0x0000000087500000| Untracked 
|  86|0x0000000087600000, 0x0000000087600000, 0x0000000087700000|  0%| F|  |TAMS 0x0000000087600000, 0x0000000087600000| Untracked 
|  87|0x0000000087700000, 0x0000000087700000, 0x0000000087800000|  0%| F|  |TAMS 0x0000000087700000, 0x0000000087700000| Untracked 
|  88|0x0000000087800000, 0x0000000087800000, 0x0000000087900000|  0%| F|  |TAMS 0x0000000087800000, 0x0000000087800000| Untracked 
|  89|0x0000000087900000, 0x0000000087900000, 0x0000000087a00000|  0%| F|  |TAMS 0x0000000087900000, 0x0000000087900000| Untracked 
|  90|0x0000000087a00000, 0x0000000087a00000, 0x0000000087b00000|  0%| F|  |TAMS 0x0000000087a00000, 0x0000000087a00000| Untracked 
|  91|0x0000000087b00000, 0x0000000087b00000, 0x0000000087c00000|  0%| F|  |TAMS 0x0000000087b00000, 0x0000000087b00000| Untracked 
|  92|0x0000000087c00000, 0x0000000087c00000, 0x0000000087d00000|  0%| F|  |TAMS 0x0000000087c00000, 0x0000000087c00000| Untracked 
|  93|0x0000000087d00000, 0x0000000087d00000, 0x0000000087e00000|  0%| F|  |TAMS 0x0000000087d00000, 0x0000000087d00000| Untracked 
|  94|0x0000000087e00000, 0x0000000087e00000, 0x0000000087f00000|  0%| F|  |TAMS 0x0000000087e00000, 0x0000000087e00000| Untracked 
|  95|0x0000000087f00000, 0x0000000087f00000, 0x0000000088000000|  0%| F|  |TAMS 0x0000000087f00000, 0x0000000087f00000| Untracked 
|  96|0x0000000088000000, 0x0000000088000000, 0x0000000088100000|  0%| F|  |TAMS 0x0000000088000000, 0x0000000088000000| Untracked 
|  97|0x0000000088100000, 0x0000000088100000, 0x0000000088200000|  0%| F|  |TAMS 0x0000000088100000, 0x0000000088100000| Untracked 
|  98|0x0000000088200000, 0x0000000088200000, 0x0000000088300000|  0%| F|  |TAMS 0x0000000088200000, 0x0000000088200000| Untracked 
|  99|0x0000000088300000, 0x0000000088300000, 0x0000000088400000|  0%| F|  |TAMS 0x0000000088300000, 0x0000000088300000| Untracked 
| 100|0x0000000088400000, 0x0000000088400000, 0x0000000088500000|  0%| F|  |TAMS 0x0000000088400000, 0x0000000088400000| Untracked 
| 101|0x0000000088500000, 0x0000000088500000, 0x0000000088600000|  0%| F|  |TAMS 0x0000000088500000, 0x0000000088500000| Untracked 
| 102|0x0000000088600000, 0x0000000088600000, 0x0000000088700000|  0%| F|  |TAMS 0x0000000088600000, 0x0000000088600000| Untracked 
| 103|0x0000000088700000, 0x0000000088700000, 0x0000000088800000|  0%| F|  |TAMS 0x0000000088700000, 0x0000000088700000| Untracked 
| 104|0x0000000088800000, 0x0000000088800000, 0x0000000088900000|  0%| F|  |TAMS 0x0000000088800000, 0x0000000088800000| Untracked 
| 105|0x0000000088900000, 0x0000000088900000, 0x0000000088a00000|  0%| F|  |TAMS 0x0000000088900000, 0x0000000088900000| Untracked 
| 106|0x0000000088a00000, 0x0000000088a00000, 0x0000000088b00000|  0%| F|  |TAMS 0x0000000088a00000, 0x0000000088a00000| Untracked 
| 107|0x0000000088b00000, 0x0000000088b00000, 0x0000000088c00000|  0%| F|  |TAMS 0x0000000088b00000, 0x0000000088b00000| Untracked 
| 108|0x0000000088c00000, 0x0000000088c00000, 0x0000000088d00000|  0%| F|  |TAMS 0x0000000088c00000, 0x0000000088c00000| Untracked 
| 109|0x0000000088d00000, 0x0000000088d00000, 0x0000000088e00000|  0%| F|  |TAMS 0x0000000088d00000, 0x0000000088d00000| Untracked 
| 110|0x0000000088e00000, 0x0000000088e00000, 0x0000000088f00000|  0%| F|  |TAMS 0x0000000088e00000, 0x0000000088e00000| Untracked 
| 111|0x0000000088f00000, 0x0000000088f00000, 0x0000000089000000|  0%| F|  |TAMS 0x0000000088f00000, 0x0000000088f00000| Untracked 
| 112|0x0000000089000000, 0x0000000089000000, 0x0000000089100000|  0%| F|  |TAMS 0x0000000089000000, 0x0000000089000000| Untracked 
| 113|0x0000000089100000, 0x0000000089100000, 0x0000000089200000|  0%| F|  |TAMS 0x0000000089100000, 0x0000000089100000| Untracked 
| 114|0x0000000089200000, 0x0000000089200000, 0x0000000089300000|  0%| F|  |TAMS 0x0000000089200000, 0x0000000089200000| Untracked 
| 115|0x0000000089300000, 0x0000000089300000, 0x0000000089400000|  0%| F|  |TAMS 0x0000000089300000, 0x0000000089300000| Untracked 
| 116|0x0000000089400000, 0x0000000089400000, 0x0000000089500000|  0%| F|  |TAMS 0x0000000089400000, 0x0000000089400000| Untracked 
| 117|0x0000000089500000, 0x0000000089500000, 0x0000000089600000|  0%| F|  |TAMS 0x0000000089500000, 0x0000000089500000| Untracked 
| 118|0x0000000089600000, 0x0000000089600000, 0x0000000089700000|  0%| F|  |TAMS 0x0000000089600000, 0x0000000089600000| Untracked 
| 119|0x0000000089700000, 0x0000000089700000, 0x0000000089800000|  0%| F|  |TAMS 0x0000000089700000, 0x0000000089700000| Untracked 
| 120|0x0000000089800000, 0x0000000089800000, 0x0000000089900000|  0%| F|  |TAMS 0x0000000089800000, 0x0000000089800000| Untracked 
| 121|0x0000000089900000, 0x0000000089900000, 0x0000000089a00000|  0%| F|  |TAMS 0x0000000089900000, 0x0000000089900000| Untracked 
| 122|0x0000000089a00000, 0x0000000089a76440, 0x0000000089b00000| 46%| E|  |TAMS 0x0000000089a00000, 0x0000000089a00000| Complete 
| 123|0x0000000089b00000, 0x0000000089c00000, 0x0000000089c00000|100%| E|CS|TAMS 0x0000000089b00000, 0x0000000089b00000| Complete 
| 124|0x0000000089c00000, 0x0000000089d00000, 0x0000000089d00000|100%| E|CS|TAMS 0x0000000089c00000, 0x0000000089c00000| Complete 
| 125|0x0000000089d00000, 0x0000000089e00000, 0x0000000089e00000|100%| E|CS|TAMS 0x0000000089d00000, 0x0000000089d00000| Complete 

Card table byte_map: [0x0000022c7a140000,0x0000022c7a530000] _byte_map_base: 0x0000022c79d30000

Marking Bits (Prev, Next): (CMBitMap*) 0x0000022c60baebb0, (CMBitMap*) 0x0000022c60baebf0
 Prev Bits: [0x0000022c7a920000, 0x0000022c7c8a0000)
 Next Bits: [0x0000022c7c8a0000, 0x0000022c7e820000)

Polling page: 0x0000022c60c20000

Metaspace:

Usage:
  Non-class:      4.94 MB used.
      Class:    443.31 KB used.
       Both:      5.38 MB used.

Virtual space:
  Non-class space:       64.00 MB reserved,       5.00 MB (  8%) committed,  1 nodes.
      Class space:        1.00 GB reserved,     512.00 KB ( <1%) committed,  1 nodes.
             Both:        1.06 GB reserved,       5.50 MB ( <1%) committed. 

Chunk freelists:
   Non-Class:  2.93 MB
       Class:  3.55 MB
        Both:  6.48 MB

MaxMetaspaceSize: unlimited
CompressedClassSpaceSize: 1.00 GB
Initial GC threshold: 21.00 MB
Current GC threshold: 21.00 MB
CDS: off
MetaspaceReclaimPolicy: balanced
 - commit_granule_bytes: 65536.
 - commit_granule_words: 8192.
 - virtual_space_node_default_size: 8388608.
 - enlarge_chunks_in_place: 1.
 - new_chunks_are_fully_committed: 0.
 - uncommit_free_chunks: 1.
 - use_allocation_guard: 0.


Internal statistics:

num_allocs_failed_limit: 0.
num_arena_births: 6.
num_arena_deaths: 0.
num_vsnodes_births: 2.
num_vsnodes_deaths: 0.
num_space_committed: 88.
num_space_uncommitted: 0.
num_chunks_returned_to_freelist: 0.
num_chunks_taken_from_freelist: 14.
num_chunk_merges: 0.
num_chunk_splits: 7.
num_chunks_enlarged: 6.
num_inconsistent_stats: 0.

CodeHeap 'non-profiled nmethods': size=120000Kb used=56Kb max_used=56Kb free=119943Kb
 bounds [0x0000022c71dc0000, 0x0000022c72030000, 0x0000022c792f0000]
CodeHeap 'profiled nmethods': size=120000Kb used=279Kb max_used=279Kb free=119720Kb
 bounds [0x0000022c6a2f0000, 0x0000022c6a560000, 0x0000022c71820000]
CodeHeap 'non-nmethods': size=5760Kb used=1153Kb max_used=1165Kb free=4606Kb
 bounds [0x0000022c71820000, 0x0000022c71a90000, 0x0000022c71dc0000]
 total_blobs=531 nmethods=196 adapters=246
 compilation: enabled
              stopped_count=0, restarted_count=0
 full_count=0

Compilation events (20 events):
Event: 0.254 Thread 0x0000022c0615aff0 nmethod 165 0x0000022c71dcb310 code [0x0000022c71dcb4a0, 0x0000022c71dcb558]
Event: 0.254 Thread 0x0000022c063988b0 nmethod 146 0x0000022c71dcb610 code [0x0000022c71dcb7a0, 0x0000022c71dcb978]
Event: 0.254 Thread 0x0000022c063988b0  156       4       java.lang.String::regionMatches (150 bytes)
Event: 0.255 Thread 0x0000022c0615aff0  167       3       java.util.ArrayList::indexOfRange (71 bytes)
Event: 0.255 Thread 0x0000022c0615aff0 nmethod 167 0x0000022c6a325790 code [0x0000022c6a325980, 0x0000022c6a325e48]
Event: 0.257 Thread 0x0000022c0615aff0  168       3       java.lang.AbstractStringBuilder::appendChars (207 bytes)
Event: 0.257 Thread 0x0000022c0615aa70 nmethod 135 0x0000022c71dcba10 code [0x0000022c71dcbbc0, 0x0000022c71dcc0e8]
Event: 0.257 Thread 0x0000022c0615aa70  166       4       java.lang.String::equalsIgnoreCase (45 bytes)
Event: 0.258 Thread 0x0000022c0615aff0 nmethod 168 0x0000022c6a326010 code [0x0000022c6a3262c0, 0x0000022c6a327268]
Event: 0.258 Thread 0x0000022c0615aff0  169       3       java.io.WinNTFileSystem::isSlash (18 bytes)
Event: 0.259 Thread 0x0000022c0615aff0 nmethod 169 0x0000022c6a327790 code [0x0000022c6a327920, 0x0000022c6a327ab8]
Event: 0.261 Thread 0x0000022c0615aff0  170       3       jdk.internal.misc.Unsafe::allocateUninitializedArray (55 bytes)
Event: 0.261 Thread 0x0000022c0615aff0 nmethod 170 0x0000022c6a327b90 code [0x0000022c6a327d80, 0x0000022c6a3281d8]
Event: 0.261 Thread 0x0000022c0615aff0  171       3       java.lang.AbstractStringBuilder::append (67 bytes)
Event: 0.261 Thread 0x0000022c063988b0 nmethod 156 0x0000022c71dcc310 code [0x0000022c71dcc4c0, 0x0000022c71dcc9b8]
Event: 0.261 Thread 0x0000022c063988b0  162       4       java.net.URL::equals (27 bytes)
Event: 0.262 Thread 0x0000022c0615aff0 nmethod 171 0x0000022c6a328390 code [0x0000022c6a3285a0, 0x0000022c6a328c08]
Event: 0.264 Thread 0x0000022c0615aa70 nmethod 166 0x0000022c71dccd10 code [0x0000022c71dccec0, 0x0000022c71dcd278]
Event: 0.264 Thread 0x0000022c0615aa70  164       4       java.net.URLStreamHandler::sameFile (136 bytes)
Event: 0.267 Thread 0x0000022c0615aff0  172       3       sun.nio.fs.WindowsPathParser::isSlash (18 bytes)

GC Heap History (0 events):
No events

Dll operation events (5 events):
Event: 0.010 Loaded shared library C:\Program Files\Java\jdk-19\bin\java.dll
Event: 0.067 Loaded shared library C:\Program Files\Java\jdk-19\bin\jsvml.dll
Event: 0.195 Loaded shared library C:\Program Files\Java\jdk-19\bin\net.dll
Event: 0.197 Loaded shared library C:\Program Files\Java\jdk-19\bin\nio.dll
Event: 0.205 Loaded shared library C:\Program Files\Java\jdk-19\bin\zip.dll

Deoptimization events (8 events):
Event: 0.265 Thread 0x0000022c60b4c1a0 Uncommon trap: trap_request=0xffffff45 fr.pc=0x0000022c71dcd20c relative=0x000000000000034c
Event: 0.265 Thread 0x0000022c60b4c1a0 Uncommon trap: reason=unstable_if action=reinterpret pc=0x0000022c71dcd20c method=java.lang.String.equalsIgnoreCase(Ljava/lang/String;)Z @ 10 c2
Event: 0.265 Thread 0x0000022c60b4c1a0 DEOPT PACKING pc=0x0000022c71dcd20c sp=0x000000f1f26fe5d0
Event: 0.265 Thread 0x0000022c60b4c1a0 DEOPT UNPACKING pc=0x0000022c71886da3 sp=0x000000f1f26fe590 mode 2
Event: 0.267 Thread 0x0000022c60b4c1a0 Uncommon trap: trap_request=0xffffff45 fr.pc=0x0000022c71dcc8dc relative=0x000000000000041c
Event: 0.267 Thread 0x0000022c60b4c1a0 Uncommon trap: reason=unstable_if action=reinterpret pc=0x0000022c71dcc8dc method=java.lang.String.regionMatches(ZILjava/lang/String;II)Z @ 36 c2
Event: 0.267 Thread 0x0000022c60b4c1a0 DEOPT PACKING pc=0x0000022c71dcc8dc sp=0x000000f1f26feb90
Event: 0.267 Thread 0x0000022c60b4c1a0 DEOPT UNPACKING pc=0x0000022c71886da3 sp=0x000000f1f26feb38 mode 2

Classes loaded (20 events):
Event: 0.224 Loading class java/net/URI$Parser
Event: 0.225 Loading class java/net/URI$Parser done
Event: 0.264 Loading class java/io/FileInputStream$1
Event: 0.264 Loading class java/io/FileInputStream$1 done
Event: 0.265 Loading class java/util/Arrays$LegacyMergeSort
Event: 0.265 Loading class java/util/Arrays$LegacyMergeSort done
Event: 0.265 Loading class sun/security/action/GetBooleanAction
Event: 0.265 Loading class sun/security/action/GetBooleanAction done
Event: 0.265 Loading class java/util/TimSort
Event: 0.265 Loading class java/util/TimSort done
Event: 0.266 Loading class java/util/TreeMap$KeySet
Event: 0.266 Loading class java/util/TreeMap$KeySet done
Event: 0.266 Loading class java/util/TreeMap$KeyIterator
Event: 0.266 Loading class java/util/TreeMap$PrivateEntryIterator
Event: 0.266 Loading class java/util/TreeMap$PrivateEntryIterator done
Event: 0.266 Loading class java/util/TreeMap$KeyIterator done
Event: 0.266 Loading class java/net/URLClassLoader$1
Event: 0.266 Loading class java/net/URLClassLoader$1 done
Event: 0.266 Loading class jdk/internal/loader/URLClassPath$FileLoader
Event: 0.266 Loading class jdk/internal/loader/URLClassPath$FileLoader done

Classes unloaded (0 events):
No events

Classes redefined (0 events):
No events

Internal exceptions (1 events):
Event: 0.265 Thread 0x0000022c60b4c1a0 Implicit null exception at 0x0000022c71dccf00 to 0x0000022c71dcd1f8

VM Operations (2 events):
Event: 0.208 Executing VM operation: HandshakeAllThreads
Event: 0.208 Executing VM operation: HandshakeAllThreads done

Events (13 events):
Event: 0.068 Thread 0x0000022c60b4c1a0 Thread added: 0x0000022c60b4c1a0
Event: 0.116 Thread 0x0000022c06151550 Thread added: 0x0000022c06151550
Event: 0.117 Thread 0x0000022c06152480 Thread added: 0x0000022c06152480
Event: 0.119 Thread 0x0000022c06165df0 Thread added: 0x0000022c06165df0
Event: 0.119 Thread 0x0000022c06166920 Thread added: 0x0000022c06166920
Event: 0.120 Thread 0x0000022c061567c0 Thread added: 0x0000022c061567c0
Event: 0.120 Thread 0x0000022c0615a200 Thread added: 0x0000022c0615a200
Event: 0.120 Thread 0x0000022c0615aa70 Thread added: 0x0000022c0615aa70
Event: 0.120 Thread 0x0000022c0615aff0 Thread added: 0x0000022c0615aff0
Event: 0.120 Thread 0x0000022c0617e540 Thread added: 0x0000022c0617e540
Event: 0.169 Thread 0x0000022c062eef10 Thread added: 0x0000022c062eef10
Event: 0.182 Thread 0x0000022c062eff00 Thread added: 0x0000022c062eff00
Event: 0.252 Thread 0x0000022c063988b0 Thread added: 0x0000022c063988b0


Dynamic libraries:
0x00007ff6cd610000 - 0x00007ff6cd620000 	C:\Program Files\Java\jdk-19\bin\javaw.exe
0x00007fff9b1f0000 - 0x00007fff9b3e8000 	C:\Windows\SYSTEM32\ntdll.dll
0x00007fff99f80000 - 0x00007fff9a03f000 	C:\Windows\System32\KERNEL32.DLL
0x00007fff989d0000 - 0x00007fff98cc6000 	C:\Windows\System32\KERNELBASE.dll
0x00007fff988d0000 - 0x00007fff989d0000 	C:\Windows\System32\ucrtbase.dll
0x00007fff84fa0000 - 0x00007fff84fbb000 	C:\Program Files\Java\jdk-19\bin\VCRUNTIME140.dll
0x00007fff82650000 - 0x00007fff82668000 	C:\Program Files\Java\jdk-19\bin\jli.dll
0x00007fff99c50000 - 0x00007fff99cff000 	C:\Windows\System32\ADVAPI32.dll
0x00007fff996d0000 - 0x00007fff9976e000 	C:\Windows\System32\msvcrt.dll
0x00007fff9aa40000 - 0x00007fff9aadc000 	C:\Windows\System32\sechost.dll
0x00007fff9abb0000 - 0x00007fff9acd6000 	C:\Windows\System32\RPCRT4.dll
0x00007fff99a20000 - 0x00007fff99bbd000 	C:\Windows\System32\USER32.dll
0x00007fff98d20000 - 0x00007fff98d42000 	C:\Windows\System32\win32u.dll
0x00007fff86880000 - 0x00007fff86b1a000 	C:\Windows\WinSxS\amd64_microsoft.windows.common-controls_6595b64144ccf1df_6.0.19041.1110_none_60b5254171f9507e\COMCTL32.dll
0x00007fff9a2c0000 - 0x00007fff9a2ec000 	C:\Windows\System32\GDI32.dll
0x00007fff98d50000 - 0x00007fff98e65000 	C:\Windows\System32\gdi32full.dll
0x00007fff990f0000 - 0x00007fff9918d000 	C:\Windows\System32\msvcp_win.dll
0x00007fff92880000 - 0x00007fff9288a000 	C:\Windows\SYSTEM32\VERSION.dll
0x00007fff99940000 - 0x00007fff99970000 	C:\Windows\System32\IMM32.DLL
0x00007fff931b0000 - 0x00007fff931bc000 	C:\Program Files\Java\jdk-19\bin\vcruntime140_1.dll
0x00007fff72200000 - 0x00007fff7228e000 	C:\Program Files\Java\jdk-19\bin\msvcp140.dll
0x00007fff64ab0000 - 0x00007fff65770000 	C:\Program Files\Java\jdk-19\bin\server\jvm.dll
0x00007fff8f4f0000 - 0x00007fff8f4f9000 	C:\Windows\SYSTEM32\WSOCK32.dll
0x00007fff8c410000 - 0x00007fff8c437000 	C:\Windows\SYSTEM32\WINMM.dll
0x00007fff9a0d0000 - 0x00007fff9a13b000 	C:\Windows\System32\WS2_32.dll
0x00007fff97110000 - 0x00007fff97122000 	C:\Windows\SYSTEM32\kernel.appcore.dll
0x00007fff93620000 - 0x00007fff9362a000 	C:\Program Files\Java\jdk-19\bin\jimage.dll
0x00007fff964f0000 - 0x00007fff966d4000 	C:\Windows\SYSTEM32\DBGHELP.DLL
0x00007fff90c10000 - 0x00007fff90c44000 	C:\Windows\SYSTEM32\dbgcore.DLL
0x00007fff991c0000 - 0x00007fff99242000 	C:\Windows\System32\bcryptPrimitives.dll
0x00007fff91b20000 - 0x00007fff91b46000 	C:\Program Files\Java\jdk-19\bin\java.dll
0x00007fff793f0000 - 0x00007fff794c7000 	C:\Program Files\Java\jdk-19\bin\jsvml.dll
0x00007fff9a2f0000 - 0x00007fff9aa34000 	C:\Windows\System32\SHELL32.dll
0x00007fff96960000 - 0x00007fff970f3000 	C:\Windows\SYSTEM32\windows.storage.dll
0x00007fff99250000 - 0x00007fff995a4000 	C:\Windows\System32\combase.dll
0x00007fff98320000 - 0x00007fff9834e000 	C:\Windows\SYSTEM32\Wldp.dll
0x00007fff9a150000 - 0x00007fff9a1fd000 	C:\Windows\System32\SHCORE.dll
0x00007fff9a200000 - 0x00007fff9a255000 	C:\Windows\System32\shlwapi.dll
0x00007fff98810000 - 0x00007fff9882f000 	C:\Windows\SYSTEM32\profapi.dll
0x00007fff93090000 - 0x00007fff930a3000 	C:\Program Files\Java\jdk-19\bin\net.dll
0x00007fff8fe10000 - 0x00007fff8ff1a000 	C:\Windows\SYSTEM32\WINHTTP.dll
0x00007fff98080000 - 0x00007fff980ea000 	C:\Windows\system32\mswsock.dll
0x00007fff92430000 - 0x00007fff92446000 	C:\Program Files\Java\jdk-19\bin\nio.dll
0x00007fff922d0000 - 0x00007fff922e8000 	C:\Program Files\Java\jdk-19\bin\zip.dll

dbghelp: loaded successfully - version: 4.0.5 - missing functions: none
symbol engine: initialized successfully - sym options: 0x614 - pdb path: .;C:\Program Files\Java\jdk-19\bin;C:\Windows\SYSTEM32;C:\Windows\WinSxS\amd64_microsoft.windows.common-controls_6595b64144ccf1df_6.0.19041.1110_none_60b5254171f9507e;C:\Program Files\Java\jdk-19\bin\server

VM Arguments:
jvm_args: -Dmaven.home=EMBEDDED -Dclassworlds.conf=C:\Users\Darshan Avanthkar\eclipse-workspace\.metadata\.plugins\org.eclipse.m2e.launching\launches\m2conf11677900899488634383.tmp -Dmaven.multiModuleProjectDirectory=C:\Users\Darshan Avanthkar\eclipse-workspace\NewMavenP -Dfile.encoding=UTF-8 -XX:+ShowCodeDetailsInExceptionMessages 
java_command: org.codehaus.plexus.classworlds.launcher.Launcher -B -Dstyle.color=always test
java_class_path (initial): C:\Users\Darshan Avanthkar\.p2\pool\plugins\org.eclipse.m2e.maven.runtime_3.8.601.20220820-1147\jars\plexus-classworlds-2.6.0.jar
Launcher Type: SUN_STANDARD

[Global flags]
     intx CICompilerCount                          = 4                                         {product} {ergonomic}
     uint ConcGCThreads                            = 2                                         {product} {ergonomic}
     uint G1ConcRefinementThreads                  = 8                                         {product} {ergonomic}
   size_t G1HeapRegionSize                         = 1048576                                   {product} {ergonomic}
    uintx GCDrainStackTargetSize                   = 64                                        {product} {ergonomic}
   size_t InitialHeapSize                          = 132120576                                 {product} {ergonomic}
   size_t MarkStackSize                            = 4194304                                   {product} {ergonomic}
   size_t MaxHeapSize                              = 2113929216                                {product} {ergonomic}
   size_t MaxNewSize                               = 1267728384                                {product} {ergonomic}
   size_t MinHeapDeltaBytes                        = 1048576                                   {product} {ergonomic}
   size_t MinHeapSize                              = 8388608                                   {product} {ergonomic}
    uintx NonNMethodCodeHeapSize                   = 5839372                                {pd product} {ergonomic}
    uintx NonProfiledCodeHeapSize                  = 122909434                              {pd product} {ergonomic}
    uintx ProfiledCodeHeapSize                     = 122909434                              {pd product} {ergonomic}
    uintx ReservedCodeCacheSize                    = 251658240                              {pd product} {ergonomic}
     bool SegmentedCodeCache                       = true                                      {product} {ergonomic}
     bool ShowCodeDetailsInExceptionMessages       = true                                   {manageable} {command line}
   size_t SoftMaxHeapSize                          = 2113929216                             {manageable} {ergonomic}
     bool UseCompressedClassPointers               = true                           {product lp64_product} {ergonomic}
     bool UseCompressedOops                        = true                           {product lp64_product} {ergonomic}
     bool UseG1GC                                  = true                                      {product} {ergonomic}
     bool UseLargePagesIndividualAllocation        = false                                  {pd product} {ergonomic}

Logging:
Log output configuration:
 #0: stdout all=warning uptime,level,tags foldmultilines=false
 #1: stderr all=off uptime,level,tags foldmultilines=false

Environment Variables:
PATH=C:/Program Files/Java/jdk-19/bin/server;C:/Program Files/Java/jdk-19/bin;C:\Program Files\Autodesk\AliasAutoStudio2023.1.1\bin;C:\Program Files\Common Files\Oracle\Java\javapath;C:\Windows\system32;C:\Windows;C:\Windows\System32\Wbem;C:\Windows\System32\WindowsPowerShell\v1.0\;C:\Windows\System32\OpenSSH\;C:\Program Files\Java\jdk-19\bin;C:\Program Files\Apache Software Foundation\Tomcat 10.0\bin;C:\Users\Darshan Avanthkar\AppData\Local\Microsoft\WindowsApps;;C:\Users\Darshan Avanthkar\AppData\Local\Programs\Microsoft VS Code\bin;C:\Users\Darshan Avanthkar\OneDrive\Desktop;
USERNAME=Darshan Avanthkar
OS=Windows_NT
PROCESSOR_IDENTIFIER=Intel64 Family 6 Model 165 Stepping 2, GenuineIntel
TMP=C:\Users\DARSHA~1\AppData\Local\Temp
TEMP=C:\Users\DARSHA~1\AppData\Local\Temp



---------------  S Y S T E M  ---------------

OS:
 Windows 10 , 64 bit Build 19041 (10.0.19041.3031)
OS uptime: 46 days 12:57 hours

CPU: total 8 (initial active 8) (4 cores per cpu, 2 threads per core) family 6 model 165 stepping 2 microcode 0xf0, cx8, cmov, fxsr, ht, mmx, 3dnowpref, sse, sse2, sse3, ssse3, sse4.1, sse4.2, popcnt, lzcnt, tsc, tscinvbit, avx, avx2, aes, erms, clmul, bmi1, bmi2, adx, fma, vzeroupper, clflush, clflushopt, rdtscp

Memory: 4k page, system-wide physical 8059M (1126M free)
TotalPageFile size 10107M (AvailPageFile size 2M)
current process WorkingSet (physical memory assigned to process): 33M, peak: 33M
current process commit charge ("private bytes"): 205M, peak: 205M

vm_info: Java HotSpot(TM) 64-Bit Server VM (19.0.1+10-21) for windows-amd64 JRE (19.0.1+10-21), built on 2022-09-14T12:45:06Z by "mach5one" with MS VC++ 17.1 (VS2022)

END.
